  CC      kernel/bounds.s
  GEN     include/generated/bounds.h
  CC      arch/arm/kernel/asm-offsets.s
  GEN     include/generated/asm-offsets.h
  CALL    scripts/checksyscalls.sh
  CC      init/main.o
  AS      arch/arm/kernel/entry-armv.o
  CC      arch/arm/kernel/irq.o
  CC      arch/arm/kernel/process.o
  CC      arch/arm/kernel/setup.o
  CC      arch/arm/kernel/stacktrace.o
  CC      arch/arm/kernel/time.o
  CC      arch/arm/kernel/armksyms.o
  CC      arch/arm/kernel/module.o
  AS      arch/arm/kernel/head.o
  LDS     arch/arm/kernel/vmlinux.lds
  CC      arch/arm/mm/dma-mapping.o
  CC      arch/arm/mm/extable.o
  CC      arch/arm/mm/fault.o
  CC      arch/arm/mm/init.o
  CC      arch/arm/mm/iomap.o
  CC      arch/arm/mm/fault-armv.o
  CC      arch/arm/mm/flush.o
  CC      arch/arm/mm/ioremap.o
  CC      arch/arm/mm/mmap.o
  CC      arch/arm/mm/pgd.o
  CC      arch/arm/mm/mmu.o
  CC      arch/arm/mm/proc-syms.o
  CC      arch/arm/mm/alignment.o
  AS      arch/arm/mm/abort-ev7.o
  AS      arch/arm/mm/pabort-v7.o
  AS      arch/arm/mm/cache-v7.o
  CC      arch/arm/mm/copypage-v6.o
  CC      arch/arm/mm/context.o
  AS      arch/arm/mm/tlb-v7.o
  AS      arch/arm/mm/proc-v7.o
  CC [M]  arch/arm/common/cpaccess.o
  CC      arch/arm/mach-msm/io.o
  CC      arch/arm/mach-msm/dma.o
  CC      arch/arm/mach-msm/memory.o
  CC      arch/arm/mach-msm/clock.o
  CC      arch/arm/mach-msm/modem_notifier.o
  CC      arch/arm/mach-msm/cpufreq.o
  CC      arch/arm/mach-msm/nohlt.o
  CC      arch/arm/mach-msm/clock-debug.o
  CC      arch/arm/mach-msm/proc_comm.o
  CC      arch/arm/mach-msm/clock-pcom.o
  CC      arch/arm/mach-msm/internal_power_rail.o
  CC      arch/arm/mach-msm/vreg.o
  CC      arch/arm/mach-msm/mpp.o
  CC      arch/arm/mach-msm/pmic_debugfs.o
  CC      arch/arm/mach-msm/timer.o
  CC      arch/arm/mach-msm/msm_fault_handlers.o
  CC      arch/arm/mach-msm/irq-vic.o
  AS      arch/arm/mach-msm/idle-v7.o
  AS      arch/arm/mach-msm/fiq_glue.o
  CC      arch/arm/mach-msm/sdio_al.o
  CC      arch/arm/mach-msm/smem_log.o
  CC      arch/arm/mach-msm/smd.o
  CC      arch/arm/mach-msm/smd_debug.o
  CC      arch/arm/mach-msm/remote_spinlock.o
  CC      arch/arm/mach-msm/socinfo.o
  CC      arch/arm/mach-msm/last_amsslog.o
  CC      arch/arm/mach-msm/nand_partitions.o
  CC      arch/arm/mach-msm/pmic.o
  CC      arch/arm/mach-msm/rpc_hsusb.o
  CC      arch/arm/mach-msm/rpc_pmapp.o
  CC      arch/arm/mach-msm/rpc_fsusb.o
  CC      arch/arm/mach-msm/smd_tty.o
  CC      arch/arm/mach-msm/smd_qmi.o
  CC      arch/arm/mach-msm/smd_pkt.o
  CC      arch/arm/mach-msm/sdio_ctl.o
  CC      arch/arm/mach-msm/smd_nmea.o
  CC      arch/arm/mach-msm/smd_rpcrouter.o
  CC      arch/arm/mach-msm/smd_rpcrouter_device.o
  CC      arch/arm/mach-msm/smd_rpc_sym.o
  CC      arch/arm/mach-msm/smd_rpcrouter_servers.o
  CC      arch/arm/mach-msm/smd_rpcrouter_clients.o
  CC      arch/arm/mach-msm/smd_rpcrouter_xdr.o
  CC      arch/arm/mach-msm/rpcrouter_smd_xprt.o
  CC      arch/arm/mach-msm/rpcrouter_sdio_xprt.o
  CC      arch/arm/mach-msm/ping_mdm_rpc_client.o
  CC      arch/arm/mach-msm/proc_comm_test.o
  CC      arch/arm/mach-msm/ping_apps_server.o
  CC      arch/arm/mach-msm/oem_rapi_client.o
  CC      arch/arm/mach-msm/rpc_dog_keepalive.o
  CC      arch/arm/mach-msm/rpc_server_dog_keepalive.o
  CC      arch/arm/mach-msm/rpc_server_time_remote.o
  CC      arch/arm/mach-msm/dal.o
  CC      arch/arm/mach-msm/dal_axi.o
  CC      arch/arm/mach-msm/qdsp5v2/afe.o
  CC      arch/arm/mach-msm/qdsp5v2/audio_interct.o
  CC      arch/arm/mach-msm/qdsp5v2/mi2s.o
  CC      arch/arm/mach-msm/qdsp5v2/audio_dev_ctl.o
  CC      arch/arm/mach-msm/qdsp5v2/voice.o
  CC      arch/arm/mach-msm/qdsp5v2/snddev_icodec.o
  CC      arch/arm/mach-msm/qdsp5v2/snddev_data_marimba.o
  CC      arch/arm/mach-msm/qdsp5v2/audio_pcm.o
  CC      arch/arm/mach-msm/qdsp5v2/audpp.o
  CC      arch/arm/mach-msm/qdsp5v2/audio_mp3.o
  CC      arch/arm/mach-msm/qdsp5v2/audio_wma.o
  CC      arch/arm/mach-msm/qdsp5v2/audio_aac.o
  CC      arch/arm/mach-msm/qdsp5v2/audio_amrnb.o
  CC      arch/arm/mach-msm/qdsp5v2/audio_amrwb.o
  CC      arch/arm/mach-msm/qdsp5v2/audio_wmapro.o
  CC      arch/arm/mach-msm/qdsp5v2/audio_adpcm.o
  CC      arch/arm/mach-msm/qdsp5v2/audio_evrc.o
  CC      arch/arm/mach-msm/qdsp5v2/audio_qcelp.o
  CC      arch/arm/mach-msm/qdsp5v2/aux_pcm.o
  CC      arch/arm/mach-msm/qdsp5v2/snddev_ecodec.o
  CC      arch/arm/mach-msm/qdsp5v2/audio_out.o
  CC      arch/arm/mach-msm/qdsp5v2/audio_lpa.o
  CC      arch/arm/mach-msm/qdsp5v2/mp3_funcs.o
  CC      arch/arm/mach-msm/qdsp5v2/pcm_funcs.o
  CC      arch/arm/mach-msm/qdsp5v2/audpreproc.o
  CC      arch/arm/mach-msm/qdsp5v2/audio_pcm_in.o
  CC      arch/arm/mach-msm/qdsp5v2/audio_aac_in.o
  CC      arch/arm/mach-msm/qdsp5v2/audio_amrnb_in.o
  CC      arch/arm/mach-msm/qdsp5v2/audio_a2dp_in.o
  CC      arch/arm/mach-msm/qdsp5v2/audio_evrc_in.o
  CC      arch/arm/mach-msm/qdsp5v2/audio_qcelp_in.o
  CC      arch/arm/mach-msm/qdsp5v2/adsp.o
  CC      arch/arm/mach-msm/qdsp5v2/adsp_driver.o
  CC      arch/arm/mach-msm/qdsp5v2/adsp_info.o
  CC      arch/arm/mach-msm/qdsp5v2/audio_acdb.o
  CC      arch/arm/mach-msm/qdsp5v2/snddev_virtual.o
  CC      arch/arm/mach-msm/qdsp5v2/audio_fm.o
  CC      arch/arm/mach-msm/qdsp5v2/lpa.o
  CC      arch/arm/mach-msm/qdsp5v2/snddev_mi2s.o
  CC      arch/arm/mach-msm/qdsp5v2/audio_mvs.o
  CC      arch/arm/mach-msm/pm2.o
  CC      arch/arm/mach-msm/keypad-surf-ffa.o
  CC      arch/arm/mach-msm/devices-msm7x30.o
  CC      arch/arm/mach-msm/clock-local.o
  CC      arch/arm/mach-msm/clock-7x30.o
  CC      arch/arm/mach-msm/acpuclock-7x30.o
  CC      arch/arm/mach-msm/board-semc_mogami.o
  CC      arch/arm/mach-msm/board-semc_mogami-rfkill.o
  CC      arch/arm/mach-msm/keypad-anzu.o
  CC      arch/arm/mach-msm/leds-anzu.o
  CC      arch/arm/mach-msm/gpio-anzu.o
  CC      arch/arm/mach-msm/charger-anzu.o
  CC      arch/arm/mach-msm/board-semc_mogami-wifi.o
  CC      arch/arm/mach-msm/vibrator-mogami.o
  CC      arch/arm/mach-msm/rmt_storage_client.o
  CC      arch/arm/mach-msm/pmic8058-gpio.o
  CC      arch/arm/mach-msm/pmic8058-mpp.o
  CC      arch/arm/mach-msm/spm.o
  CC      arch/arm/mach-msm/gpio.o
  CC      arch/arm/mach-msm/semc_rpc_server_handset.o
  CC      arch/arm/mach-msm/gpiomux.o
  CC      arch/arm/mach-msm/gpiomux-7x00.o
  CC      arch/arm/mach-msm/gpiomux-7x30.o
  CC      arch/arm/mach-msm/semc_battery_data.o
  CC      arch/arm/mach-msm/simple_remote_msm7x30_pf.o
  CC      arch/arm/mach-msm/pmic_time.o
  CC [M]  arch/arm/mach-msm/reset_modem.o
  CC [M]  arch/arm/mach-msm/dal_remotetest.o
  CC [M]  arch/arm/mach-msm/dma_test.o
  CC      arch/arm/vfp/vfpmodule.o
  AS      arch/arm/vfp/entry.o
  AS      arch/arm/vfp/vfphw.o
  CC      arch/arm/vfp/vfpsingle.o
  CC      arch/arm/vfp/vfpdouble.o
  LD      arch/arm/vfp/vfp.o
  CC      arch/arm/perfmon/perf-function-hooks.o
  CC      kernel/sched.o
  CC      kernel/fork.o
  CC      kernel/exec_domain.o
  CC      kernel/panic.o
  CC      kernel/printk.o
  CC      kernel/cpu.o
  CC      kernel/exit.o
  CC      kernel/itimer.o
  TIMEC   kernel/timeconst.h
  CC      kernel/time.o
  CC      kernel/softirq.o
  CC      kernel/resource.o
  CC      kernel/sysctl.o
  CC      kernel/capability.o
  CC      kernel/ptrace.o
  CC      kernel/timer.o
  CC      kernel/user.o
  CC      kernel/signal.o
  CC      kernel/sys.o
  CC      kernel/kmod.o
  CC      kernel/workqueue.o
  CC      kernel/pid.o
  CC      kernel/rcupdate.o
  CC      kernel/extable.o
  CC      kernel/params.o
  CC      kernel/posix-timers.o
  CC      kernel/kthread.o
  CC      kernel/wait.o
  CC      kernel/kfifo.o
  CC      kernel/sys_ni.o
  CC      kernel/posix-cpu-timers.o
  CC      kernel/mutex.o
  CC      kernel/hrtimer.o
  CC      kernel/rwsem.o
  CC      kernel/nsproxy.o
  CC      kernel/srcu.o
  CC      kernel/semaphore.o
  CC      kernel/notifier.o
  CC      kernel/ksysfs.o
  CC      kernel/pm_qos_params.o
  CC      kernel/sched_clock.o
  CC      kernel/cred.o
  CC      kernel/async.o
  CC      kernel/groups.o
  CC      kernel/freezer.o
  CC      kernel/profile.o
  CC      kernel/stacktrace.o
  CC      kernel/irq/handle.o
  CC      kernel/irq/manage.o
  CC      kernel/irq/spurious.o
  CC      kernel/irq/resend.o
  CC      kernel/irq/chip.o
  CC      kernel/irq/devres.o
  CC      kernel/irq/autoprobe.o
  CC      kernel/irq/proc.o
  CC      kernel/irq/pm.o
  CC      kernel/power/main.o
  CC      kernel/power/console.o
  CC      kernel/power/process.o
  CC      kernel/power/suspend.o
  CC      kernel/power/wakelock.o
  CC      kernel/power/userwakelock.o
  CC      kernel/power/earlysuspend.o
  CC      kernel/power/fbearlysuspend.o
  CC      kernel/power/poweroff.o
  CC      kernel/time/timekeeping.o
  CC      kernel/time/ntp.o
  CC      kernel/time/clocksource.o
  CC      kernel/time/jiffies.o
  CC      kernel/time/timer_list.o
  CC      kernel/time/timecompare.o
  CC      kernel/time/timeconv.o
  CC      kernel/time/clockevents.o
  CC      kernel/time/tick-common.o
  CC      kernel/time/tick-oneshot.o
  CC      kernel/time/tick-sched.o
  CC      kernel/time/timer_stats.o
  CC      kernel/trace/trace_clock.o
  CC      kernel/trace/ring_buffer.o
  CC      kernel/futex.o
  CC      kernel/rtmutex.o
  CC      kernel/up.o
  CC      kernel/uid16.o
  CC      kernel/module.o
  CC      kernel/kallsyms.o
  CC      kernel/cgroup.o
  CC      kernel/cgroup_freezer.o
  GZIP    kernel/config_data.gz
  IKCFG   kernel/config_data.h
  CC      kernel/configs.o
  CC      kernel/res_counter.o
  CC      kernel/rcutree.o
  CC      kernel/utsname_sysctl.o
  CC      kernel/slow-work.o
  CC      mm/bootmem.o
  CC      mm/filemap.o
  CC      mm/mempool.o
  CC      mm/oom_kill.o
  CC      mm/fadvise.o
  CC      mm/maccess.o
  CC      mm/page_alloc.o
  CC      mm/page-writeback.o
  CC      mm/readahead.o
  CC      mm/swap.o
  CC      mm/truncate.o
  CC      mm/vmscan.o
  CC      mm/shmem.o
  CC      mm/prio_tree.o
  CC      mm/util.o
  CC      mm/mmzone.o
  CC      mm/vmstat.o
  CC      mm/backing-dev.o
  CC      mm/page_isolation.o
  CC      mm/mm_init.o
  CC      mm/mmu_context.o
  CC      mm/fremap.o
  CC      mm/highmem.o
  CC      mm/madvise.o
  CC      mm/memory.o
  CC      mm/mincore.o
  CC      mm/mlock.o
  CC      mm/mmap.o
  CC      mm/mprotect.o
  CC      mm/mremap.o
  CC      mm/msync.o
  CC      mm/rmap.o
  CC      mm/vmalloc.o
  CC      mm/pagewalk.o
  CC      mm/init-mm.o
  CC      mm/page_io.o
  CC      mm/swap_state.o
  CC      mm/swapfile.o
  CC      mm/thrash.o
  CC      mm/dmapool.o
  CC      mm/sparse.o
  CC      mm/ashmem.o
  CC      mm/slab.o
  CC      mm/memory_hotplug.o
  CC      mm/migrate.o
  LD      mm/built-in.o
  CC      fs/open.o
  CC      fs/read_write.o
  CC      fs/file_table.o
  CC      fs/super.o
  CC      fs/char_dev.o
  CC      fs/stat.o
  CC      fs/exec.o
  CC      fs/pipe.o
  CC      fs/namei.o
  CC      fs/fcntl.o
  CC      fs/ioctl.o
  CC      fs/readdir.o
  CC      fs/select.o
  CC      fs/fifo.o
  CC      fs/dcache.o
  CC      fs/inode.o
  CC      fs/attr.o
  CC      fs/bad_inode.o
  CC      fs/file.o
  CC      fs/filesystems.o
  CC      fs/namespace.o
  CC      fs/seq_file.o
  CC      fs/xattr.o
  CC      fs/libfs.o
  CC      fs/fs-writeback.o
  CC      fs/pnode.o
  CC      fs/drop_caches.o
  CC      fs/splice.o
  CC      fs/sync.o
  CC      fs/utimes.o
  CC      fs/stack.o
  CC      fs/fs_struct.o
  CC      fs/buffer.o
  CC      fs/bio.o
  CC      fs/block_dev.o
  CC      fs/direct-io.o
  CC      fs/mpage.o
  CC      fs/ioprio.o
  CC      fs/cifs/cifsfs.o
  CC      fs/cifs/cifssmb.o
  CC      fs/cifs/cifs_debug.o
  CC      fs/cifs/connect.o
  CC      fs/cifs/dir.o
  CC      fs/cifs/file.o
  CC      fs/cifs/inode.o
  CC      fs/cifs/link.o
  CC      fs/cifs/misc.o
  CC      fs/cifs/netmisc.o
  CC      fs/cifs/smbdes.o
  CC      fs/cifs/smbencrypt.o
  CC      fs/cifs/transport.o
  CC      fs/cifs/asn1.o
  CC      fs/cifs/md4.o
  CC      fs/cifs/md5.o
  CC      fs/cifs/cifs_unicode.o
  CC      fs/cifs/nterr.o
  CC      fs/cifs/xattr.o
  CC      fs/cifs/cifsencrypt.o
  CC      fs/cifs/readdir.o
  CC      fs/cifs/ioctl.o
  CC      fs/cifs/sess.o
  CC      fs/cifs/export.o
  CC      fs/cifs/cifsacl.o
  LD      fs/cifs/cifs.o
  CC      fs/debugfs/inode.o
  CC      fs/debugfs/file.o
  CC      fs/devpts/inode.o
  CC      fs/ext2/balloc.o
  CC      fs/ext2/dir.o
  CC      fs/ext2/file.o
  CC      fs/ext2/ialloc.o
  CC      fs/ext2/inode.o
  CC      fs/ext2/ioctl.o
  CC      fs/ext2/namei.o
  CC      fs/ext2/super.o
  CC      fs/ext2/symlink.o
  CC      fs/ext2/xattr.o
  CC      fs/ext2/xattr_user.o
  CC      fs/ext2/xattr_trusted.o
  LD      fs/ext2/ext2.o
  LD      fs/ext2/built-in.o
  CC      fs/ext3/balloc.o
  CC      fs/ext3/bitmap.o
  CC      fs/ext3/dir.o
  CC      fs/ext3/file.o
  CC      fs/ext3/fsync.o
  CC      fs/ext3/ialloc.o
  CC      fs/ext3/inode.o
  CC      fs/ext3/ioctl.o
  CC      fs/ext3/namei.o
  CC      fs/ext3/super.o
  CC      fs/ext3/symlink.o
  CC      fs/ext3/hash.o
  CC      fs/ext3/resize.o
  CC      fs/ext3/ext3_jbd.o
  CC      fs/ext3/xattr.o
  CC      fs/ext3/xattr_user.o
  CC      fs/ext3/xattr_trusted.o
  LD      fs/ext3/ext3.o
  LD      fs/ext3/built-in.o
  CC      fs/ext4/balloc.o
  CC      fs/ext4/bitmap.o
  CC      fs/ext4/dir.o
  CC      fs/ext4/file.o
  CC      fs/ext4/fsync.o
  CC      fs/ext4/ialloc.o
  CC      fs/ext4/inode.o
  CC      fs/ext4/ioctl.o
  CC      fs/ext4/namei.o
  CC      fs/ext4/super.o
  CC      fs/ext4/symlink.o
  CC      fs/ext4/hash.o
  CC      fs/ext4/resize.o
  CC      fs/ext4/extents.o
  CC      fs/ext4/ext4_jbd2.o
  CC      fs/ext4/migrate.o
  CC      fs/ext4/mballoc.o
  CC      fs/ext4/block_validity.o
  CC      fs/ext4/move_extent.o
  CC      fs/ext4/xattr.o
  CC      fs/ext4/xattr_user.o
  CC      fs/ext4/xattr_trusted.o
  LD      fs/ext4/ext4.o
  LD      fs/ext4/built-in.o
  CC      fs/fat/cache.o
  CC      fs/fat/dir.o
  CC      fs/fat/fatent.o
  CC      fs/fat/file.o
  CC      fs/fat/inode.o
  CC      fs/fat/misc.o
  CC      fs/fat/namei_vfat.o
  LD      fs/fat/fat.o
  LD      fs/fat/vfat.o
  LD      fs/fat/built-in.o
  CC      fs/jbd/transaction.o
  CC      fs/jbd/commit.o
  CC      fs/jbd/recovery.o
  CC      fs/jbd/checkpoint.o
  CC      fs/jbd/revoke.o
  CC      fs/jbd/journal.o
  LD      fs/jbd/jbd.o
  LD      fs/jbd/built-in.o
  CC      fs/jbd2/transaction.o
  CC      fs/jbd2/commit.o
  CC      fs/jbd2/recovery.o
  CC      fs/jbd2/checkpoint.o
  CC      fs/jbd2/revoke.o
  CC      fs/jbd2/journal.o
  LD      fs/jbd2/jbd2.o
  LD      fs/jbd2/built-in.o
  CC      fs/lockd/svc.o
  CC      fs/nfs/client.o
  CC      fs/nfs/dir.o
  CC      fs/nfs/file.o
  CC      fs/nfs/getroot.o
  CC      fs/nfs/inode.o
  CC      fs/nfs/super.o
  CC      fs/nfs/nfs2xdr.o
  CC      fs/nfs/direct.o
  CC      fs/nfs/pagelist.o
  CC      fs/nfs/proc.o
  CC      fs/nfs/read.o
  CC      fs/nfs/symlink.o
  CC      fs/nfs/unlink.o
  CC      fs/nfs/write.o
  CC      fs/nfs/namespace.o
  CC      fs/nfs/mount_clnt.o
  CC      fs/nfs/dns_resolve.o
  CC      fs/nfs/cache_lib.o
  CC      fs/nfs/nfs3proc.o
  CC      fs/nfs/nfs3xdr.o
  CC      fs/nfs/sysctl.o
  LD      fs/nfs/nfs.o
  LD      fs/nfs/built-in.o
  LD      fs/nfs_common/built-in.o
  CC      fs/notify/inotify/inotify.o
  CC      fs/notify/inotify/inotify_fsnotify.o
  CC      fs/notify/inotify/inotify_user.o
  LD      fs/notify/inotify/built-in.o
  CC      fs/partitions/check.o
  CC      fs/partitions/msdos.o
  CC      fs/proc/mmu.o
  CC      fs/proc/task_mmu.o
  CC      fs/proc/inode.o
  CC      fs/proc/root.o
  CC      fs/proc/base.o
  CC      fs/proc/generic.o
  CC      fs/proc/array.o
  CC      fs/proc/proc_tty.o
  CC      fs/proc/cmdline.o
  CC      fs/proc/cpuinfo.o
  CC      fs/proc/devices.o
  CC      fs/proc/interrupts.o
  CC      fs/proc/loadavg.o
  CC      fs/proc/meminfo.o
  CC      fs/proc/stat.o
  CC      fs/proc/uptime.o
  CC      fs/proc/version.o
  CC      fs/proc/softirqs.o
  CC      fs/proc/proc_sysctl.o
  CC      fs/proc/proc_net.o
  CC      fs/proc/kmsg.o
  CC      fs/proc/page.o
  LD      fs/proc/proc.o
  CC      fs/ramfs/inode.o
  CC      fs/ramfs/file-mmu.o
  CC      fs/yaffs2/yaffs_ecc.o
  CC      fs/yaffs2/yaffs_vfs.o
  CC      fs/yaffs2/yaffs_guts.o
  CC      fs/yaffs2/yaffs_checkptrw.o
  CC      fs/yaffs2/yaffs_packedtags1.o
  CC      fs/yaffs2/yaffs_packedtags2.o
  CC      fs/yaffs2/yaffs_nand.o
  CC      fs/yaffs2/yaffs_tagscompat.o
  CC      fs/yaffs2/yaffs_mtdif.o
  CC      fs/yaffs2/yaffs_mtdif1.o
  CC      fs/yaffs2/yaffs_mtdif2.o
  CC      fs/yaffs2/yaffs_nameval.o
  CC      fs/yaffs2/yaffs_attribs.o
  CC      fs/yaffs2/yaffs_allocator.o
  CC      fs/yaffs2/yaffs_yaffs1.o
  CC      fs/yaffs2/yaffs_yaffs2.o
  CC      fs/yaffs2/yaffs_bitmap.o
  CC      fs/yaffs2/yaffs_summary.o
  CC      fs/yaffs2/yaffs_verify.o
  LD      fs/yaffs2/yaffs.o
  LD      fs/yaffs2/built-in.o
  CC      fs/eventpoll.o
  CC      fs/anon_inodes.o
  CC      fs/signalfd.o
  CC      fs/timerfd.o
  CC      fs/eventfd.o
  CC      fs/aio.o
  CC      fs/locks.o
  CC      fs/binfmt_script.o
  CC      fs/binfmt_elf.o
  CC      fs/mbcache.o
  CC      fs/dcookies.o
  LD      fs/built-in.o
  CC      ipc/sem.o
  CC      ipc/shm.o
  CC      ipc/ipc_sysctl.o
  CC      block/elevator.o
  CC      block/blk-core.o
  CC      block/blk-tag.o
  CC      block/blk-sysfs.o
  CC      block/blk-barrier.o
  CC      block/blk-settings.o
  CC      block/blk-ioc.o
  CC      block/blk-map.o
  CC      block/blk-exec.o
  CC      block/blk-merge.o
  CC      block/blk-softirq.o
  CC      block/blk-timeout.o
  CC      block/blk-iopoll.o
  CC      block/ioctl.o
  CC      block/genhd.o
  CC      block/scsi_ioctl.o
  CC      block/noop-iosched.o
  CC      block/deadline-iosched.o
  CC      block/vr-iosched.o
  CC      block/bfq-iosched.o
  CC      block/sio-iosched.o
  LD      block/built-in.o
  LD      drivers/auxdisplay/built-in.o
  CC      drivers/base/core.o
  CC      drivers/base/sys.o
  CC      drivers/base/bus.o
  CC      drivers/base/dd.o
  CC      drivers/base/driver.o
  CC      drivers/base/class.o
  CC      drivers/base/platform.o
  CC      drivers/base/cpu.o
  CC      drivers/base/firmware.o
  CC      drivers/base/init.o
  CC      drivers/base/map.o
  CC      drivers/base/devres.o
  CC      drivers/base/attribute_container.o
  CC      drivers/base/transport_class.o
  CC      drivers/base/power/sysfs.o
  CC      drivers/base/power/main.o
  CC      drivers/base/power/generic_ops.o
  LD      drivers/base/power/built-in.o
  CC      drivers/base/dma-mapping.o
  CC      drivers/base/dma-coherent.o
  CC      drivers/base/genlock.o
  CC      drivers/base/firmware_class.o
  CC      drivers/base/memory.o
  CC      drivers/base/module.o
  LD      drivers/base/built-in.o
  CC      drivers/block/brd.o
  CC      drivers/block/loop.o
  LD      drivers/block/built-in.o
  CC      drivers/bluetooth/hci_ldisc.o
  CC      drivers/bluetooth/hci_h4.o
  CC      drivers/bluetooth/hci_ll.o
  CC      drivers/bluetooth/hci_ibs.o
  LD      drivers/bluetooth/hci_uart.o
  CC      drivers/bluetooth/bluetooth-power.o
  LD      drivers/bluetooth/built-in.o
  LD      drivers/cdrom/built-in.o
  CC      drivers/char/mem.o
  CC      drivers/char/random.o
  CC      drivers/char/tty_io.o
  CC      drivers/char/n_tty.o
  CC      drivers/char/tty_ioctl.o
  CC      drivers/char/tty_ldisc.o
  CC      drivers/char/tty_buffer.o
  CC      drivers/char/tty_port.o
  CC      drivers/char/pty.o
  CC      drivers/char/misc.o
  CC      drivers/char/vt_ioctl.o
  CC      drivers/char/vc_screen.o
  CC      drivers/char/selection.o
  CC      drivers/char/keyboard.o
  CC      drivers/char/consolemap.o
  CONMK   drivers/char/consolemap_deftbl.c
  CC      drivers/char/consolemap_deftbl.o
  CC      drivers/char/vt.o
  SHIPPED drivers/char/defkeymap.c
  CC      drivers/char/defkeymap.o
  CC      drivers/char/sysrq.o
  CC      drivers/char/diag/diagchar_core.o
  CC      drivers/char/diag/diagchar_hdlc.o
  CC      drivers/char/diag/diagfwd.o
  CC      drivers/char/diag/diagmem.o
  LD      drivers/char/diag/diagchar.o
  LD      drivers/char/diag/built-in.o
  CC      drivers/char/msm_rotator.o
  LD      drivers/char/built-in.o
  LD      drivers/clocksource/built-in.o
  CC      drivers/cpufreq/cpufreq.o
  CC      drivers/cpufreq/cpufreq_stats.o
  CC      drivers/cpufreq/cpufreq_performance.o
  CC      drivers/cpufreq/cpufreq_powersave.o
  CC      drivers/cpufreq/cpufreq_userspace.o
  CC      drivers/cpufreq/cpufreq_ondemand.o
  CC      drivers/cpufreq/cpufreq_conservative.o
  CC      drivers/cpufreq/cpufreq_interactive.o
  CC      drivers/cpufreq/freq_table.o
  LD      drivers/cpufreq/built-in.o
  LD      drivers/crypto/built-in.o
  LD      drivers/firmware/built-in.o
  CC      drivers/gpio/gpiolib.o
  LD      drivers/gpio/built-in.o
  LD      drivers/gpu/drm/built-in.o
  CC      drivers/gpu/msm/adreno_ringbuffer.o
  CC      drivers/gpu/msm/adreno_drawctxt.o
  CC      drivers/gpu/msm/adreno_postmortem.o
  CC      drivers/gpu/msm/adreno_a2xx.o
  CC      drivers/gpu/msm/adreno.o
  CC      drivers/gpu/msm/adreno_debugfs.o
  CC      drivers/gpu/msm/kgsl.o
  CC      drivers/gpu/msm/kgsl_sharedmem.o
  CC      drivers/gpu/msm/kgsl_pwrctrl.o
  CC      drivers/gpu/msm/kgsl_pwrscale.o
  CC      drivers/gpu/msm/kgsl_mmu.o
  CC      drivers/gpu/msm/kgsl_gpummu.o
  CC      drivers/gpu/msm/kgsl_debugfs.o
  CC      drivers/gpu/msm/z180.o
  LD      drivers/gpu/msm/msm_kgsl_core.o
  LD      drivers/gpu/msm/msm_adreno.o
  LD      drivers/gpu/msm/msm_z180.o
  LD      drivers/gpu/msm/built-in.o
  LD      drivers/gpu/vga/built-in.o
  LD      drivers/gpu/built-in.o
  CC      drivers/hid/hid-lg.o
  CC      drivers/hid/hid-core.o
  CC      drivers/hid/hid-input.o
  CC      drivers/hid/hid-debug.o
  LD      drivers/hid/hid.o
  LD      drivers/hid/hid-logitech.o
  CC      drivers/hid/hid-pl.o
  CC      drivers/hid/hid-sony.o
  CC      drivers/hid/usbhid/hid-core.o
  CC      drivers/hid/usbhid/hid-quirks.o
  LD      drivers/hid/usbhid/usbhid.o
  LD      drivers/hid/usbhid/built-in.o
  LD      drivers/hid/built-in.o
  CC      drivers/hwmon/msm_adc.o
  CC      drivers/i2c/i2c-boardinfo.o
  CC      drivers/i2c/i2c-core.o
  CC      drivers/i2c/i2c-dev.o
  LD      drivers/i2c/algos/built-in.o
  CC      drivers/i2c/busses/i2c-msm.o
  CC      drivers/i2c/busses/i2c-qup.o
  CC      drivers/i2c/busses/i2c-ssbi.o
  LD      drivers/i2c/busses/built-in.o
  CC      drivers/i2c/chips/akm8975.o
  LD      drivers/i2c/chips/built-in.o
  LD      drivers/i2c/built-in.o
  LD      drivers/idle/built-in.o
  LD      drivers/ieee1394/built-in.o
  LD      drivers/ieee802154/built-in.o
  CC      drivers/input/input.o
  CC      drivers/input/input-compat.o
  CC      drivers/input/ff-core.o
  LD      drivers/input/input-core.o
  CC      drivers/input/joydev.o
  CC      drivers/input/evdev.o
  CC      drivers/input/joystick/xpad.o
  LD      drivers/input/joystick/built-in.o
  CC      drivers/input/keyboard/pmic8058-keypad.o
  LD      drivers/input/keyboard/built-in.o
  CC      drivers/input/misc/gpio_event.o
  CC      drivers/input/misc/gpio_matrix.o
  CC      drivers/input/misc/gpio_input.o
  CC      drivers/input/misc/gpio_output.o
  CC      drivers/input/misc/gpio_axis.o
  CC      drivers/input/misc/keychord.o
  CC      drivers/input/misc/uinput.o
  CC      drivers/input/misc/kp_flip_switch.o
  CC      drivers/input/misc/bma150_ng.o
  CC      drivers/input/misc/apds9702.o
  CC      drivers/input/misc/simple_remote.o
  LD      drivers/input/misc/built-in.o
  CC      drivers/input/touchscreen/cy8ctma300_spi.o
  LD      drivers/input/touchscreen/built-in.o
  LD      drivers/input/built-in.o
  CC [M]  drivers/input/evbug.o
  CC      drivers/leds/led-core.o
  CC      drivers/leds/led-class.o
  CC      drivers/leds/led-triggers.o
  CC      drivers/leds/leds-as3676.o
  CC      drivers/leds/ledtrig-timer.o
  CC      drivers/md/dm.o
  CC      drivers/md/dm-table.o
  CC      drivers/md/dm-target.o
  CC      drivers/md/dm-linear.o
  CC      drivers/md/dm-stripe.o
  CC      drivers/md/dm-ioctl.o
  CC      drivers/md/dm-io.o
  CC      drivers/md/dm-kcopyd.o
  CC      drivers/md/dm-sysfs.o
  LD      drivers/md/dm-mod.o
  CC      drivers/md/dm-crypt.o
  CC      drivers/media/common/tuners/tuner-xc2028.o
  CC      drivers/media/common/tuners/tuner-simple.o
  CC      drivers/media/common/tuners/tuner-types.o
  CC      drivers/media/common/tuners/mt20xx.o
  CC      drivers/media/common/tuners/tda8290.o
  CC      drivers/media/common/tuners/tea5767.o
  CC      drivers/media/common/tuners/tea5761.o
  CC      drivers/media/common/tuners/tda9887.o
  CC      drivers/media/common/tuners/xc5000.o
  CC      drivers/media/common/tuners/mc44s803.o
  CC      drivers/media/video/v4l2-dev.o
  CC      drivers/media/video/v4l2-ioctl.o
  CC      drivers/media/video/v4l2-device.o
  LD      drivers/media/video/videodev.o
  CC      drivers/media/video/v4l2-int-device.o
  CC      drivers/media/video/v4l2-common.o
  CC      drivers/media/video/v4l1-compat.o
  CC      drivers/media/video/msm/msm_camera.o
  CC      drivers/media/video/msm/msm_v4l2.o
  CC      drivers/media/video/msm/msm_axi_qos.o
  CC      drivers/media/video/msm/msm_vfe31.o
  CC      drivers/media/video/msm/msm_io_vfe31.o
  CC      drivers/media/video/msm/msm_vpe1.o
  CC      drivers/media/video/msm/semc_camera_module.o
  CC      drivers/media/video/msm/msm_gemini_dev.o
  CC      drivers/media/video/msm/msm_gemini_sync.o
  CC      drivers/media/video/msm/msm_gemini_core.o
  CC      drivers/media/video/msm/msm_gemini_hw.o
  CC      drivers/media/video/msm/msm_gemini_platform.o
  CC      drivers/media/video/msm/msm_vpe1_standalone.o
  CC      drivers/mfd/marimba-codec.o
  CC      drivers/mfd/marimba-core.o
  CC      drivers/mfd/marimba-tsadc.o
  CC      drivers/mfd/tps65023.o
  CC      drivers/mfd/msm-adie-codec.o
  CC      drivers/mfd/mfd-core.o
  CC      drivers/mfd/pmic8058.o
  CC      drivers/misc/pmem.o
  CC      drivers/misc/uid_stat.o
  CC      drivers/misc/pmic8058-pwm.o
  CC      drivers/misc/pmic8058-nfc.o
  CC      drivers/misc/lm356x.o
  CC [M]  drivers/misc/pmem_kernel_test.o
  CC      drivers/mmc/card/block.o
  CC      drivers/mmc/card/queue.o
  LD      drivers/mmc/card/mmc_block.o
  CC [M]  drivers/mmc/card/mmc_test.o
  CC      drivers/mmc/core/core.o
  CC      drivers/mmc/core/bus.o
  CC      drivers/mmc/core/host.o
  CC      drivers/mmc/core/mmc.o
  CC      drivers/mmc/core/mmc_ops.o
  CC      drivers/mmc/core/sd.o
  CC      drivers/mmc/core/sd_ops.o
  CC      drivers/mmc/core/sdio.o
  CC      drivers/mmc/core/sdio_ops.o
  CC      drivers/mmc/core/sdio_bus.o
  CC      drivers/mmc/core/sdio_cis.o
  CC      drivers/mmc/core/sdio_io.o
  CC      drivers/mmc/core/sdio_irq.o
  CC      drivers/mmc/core/debugfs.o
  LD      drivers/mmc/core/mmc_core.o
  CC      drivers/mmc/core/sd_check_mbr.o
  LD      drivers/mmc/core/built-in.o
  CC      drivers/mmc/host/msm_sdcc.o
  LD      drivers/mmc/host/built-in.o
  LD      drivers/mmc/built-in.o
  CC      drivers/mtd/mtdcore.o
  CC      drivers/mtd/mtdsuper.o
  CC      drivers/mtd/mtdbdi.o
  CC      drivers/mtd/mtdpart.o
  LD      drivers/mtd/mtd.o
  CC      drivers/mtd/cmdlinepart.o
  CC      drivers/mtd/mtdchar.o
  CC      drivers/mtd/mtd_blkdevs.o
  CC      drivers/mtd/mtdblock.o
  CC      drivers/mtd/chips/chipreg.o
  LD      drivers/mtd/chips/built-in.o
  CC      drivers/mtd/devices/msm_nand.o
  LD      drivers/mtd/devices/built-in.o
  LD      drivers/mtd/lpddr/built-in.o
  LD      drivers/mtd/maps/built-in.o
  CC      drivers/mtd/nand/nand_ids.o
  LD      drivers/mtd/nand/built-in.o
  LD      drivers/mtd/onenand/built-in.o
  LD      drivers/mtd/tests/built-in.o
  CC [M]  drivers/mtd/tests/mtd_oobtest.o
  CC [M]  drivers/mtd/tests/mtd_pagetest.o
  CC [M]  drivers/mtd/tests/mtd_readtest.o
  CC [M]  drivers/mtd/tests/mtd_speedtest.o
  CC [M]  drivers/mtd/tests/mtd_stresstest.o
  CC [M]  drivers/mtd/tests/mtd_subpagetest.o
  CC [M]  drivers/mtd/tests/mtd_torturetest.o
  CC [M]  drivers/mtd/tests/mtd_erasepart.o
  LD      drivers/mtd/built-in.o
  CC      drivers/net/mii.o
  LD      drivers/net/arm/built-in.o
  CC      drivers/net/phy/phy.o
  CC      drivers/net/phy/phy_device.o
  CC      drivers/net/phy/mdio_bus.o
  LD      drivers/net/phy/libphy.o
  LD      drivers/net/phy/built-in.o
  LD      drivers/net/wireless/libra/built-in.o
  CC [M]  drivers/net/wireless/libra/libra_sdioif.o
  LD [M]  drivers/net/wireless/libra/librasdioif.o
  CC      drivers/net/wireless/wl12xx/wl12xx_platform_data.o
  LD      drivers/net/wireless/wl12xx/built-in.o
  LD      drivers/net/wireless/built-in.o
  CC      drivers/net/Space.o
  CC      drivers/net/loopback.o
  CC      drivers/net/ppp_generic.o
  CC      drivers/net/ppp_async.o
  CC      drivers/net/ppp_deflate.o
  CC      drivers/net/bsd_comp.o
  CC      drivers/net/ppp_mppe.o
  CC      drivers/net/pppox.o
  CC      drivers/net/pppolac.o
  CC      drivers/net/pppopns.o
  CC      drivers/net/slip.o
  CC      drivers/net/slhc.o
  CC      drivers/net/dummy.o
  CC      drivers/net/tun.o
  CC      drivers/net/smc91x.o
  CC      drivers/net/smsc911x.o
  CC      drivers/net/msm_rmnet.o
  CC      drivers/net/msm_rmnet_sdio.o
  CC      drivers/net/msm_rmnet_common.o
  LD      drivers/net/built-in.o
  LD      drivers/platform/built-in.o
  CC      drivers/power/power_supply_core.o
  CC      drivers/power/power_supply_sysfs.o
  CC      drivers/power/power_supply_leds.o
  LD      drivers/power/power_supply.o
  CC      drivers/power/bq27520_battery.o
  CC      drivers/power/bq24185_charger.o
  CC      drivers/power/battery_chargalg.o
  LD      drivers/power/built-in.o
  CC      drivers/rtc/rtc-lib.o
  CC      drivers/rtc/hctosys.o
  CC      drivers/rtc/class.o
  CC      drivers/rtc/interface.o
  CC      drivers/rtc/rtc-dev.o
  CC      drivers/rtc/rtc-proc.o
  CC      drivers/rtc/rtc-sysfs.o
  LD      drivers/rtc/rtc-core.o
  CC      drivers/rtc/alarm.o
  CC      drivers/rtc/alarm-dev.o
  CC      drivers/rtc/rtc-msm.o
  LD      drivers/rtc/built-in.o
  CC      drivers/scsi/scsi.o
  CC      drivers/scsi/hosts.o
  CC      drivers/scsi/scsi_ioctl.o
  CC      drivers/scsi/constants.o
  CC      drivers/scsi/scsicam.o
  CC      drivers/scsi/scsi_error.o
  CC      drivers/scsi/scsi_lib.o
  CC      drivers/scsi/scsi_lib_dma.o
  CC      drivers/scsi/scsi_scan.o
  CC      drivers/scsi/scsi_sysfs.o
  CC      drivers/scsi/scsi_devinfo.o
  CC      drivers/scsi/scsi_sysctl.o
  CC      drivers/scsi/scsi_proc.o
  CC      drivers/scsi/scsi_tgt_lib.o
  CC      drivers/scsi/scsi_tgt_if.o
  CC      drivers/scsi/sd.o
  LD      drivers/scsi/scsi_mod.o
  LD      drivers/scsi/scsi_tgt.o
  LD      drivers/scsi/arm/built-in.o
  LD      drivers/scsi/sd_mod.o
  CC      drivers/scsi/sg.o
  CC      drivers/scsi/ch.o
  LD      drivers/scsi/built-in.o
  CC [M]  drivers/scsi/scsi_wait_scan.o
  CC      drivers/serial/serial_core.o
  CC      drivers/serial/msm_serial.o
  CC      drivers/serial/msm_serial_hs.o
  LD      drivers/serial/built-in.o
  CC      drivers/spi/spi.o
  CC      drivers/spi/spi_qsd.o
  LD      drivers/spi/built-in.o
  CC      drivers/staging/staging.o
  CC      drivers/staging/android/binder.o
  CC      drivers/staging/android/logger.o
  CC      drivers/staging/android/ram_console.o
  CC      drivers/staging/android/timed_output.o
  CC      drivers/staging/android/timed_gpio.o
  CC      drivers/staging/android/lowmemorykiller.o
  LD      drivers/staging/android/built-in.o
  CC      drivers/staging/zram/zram_drv.o
  CC      drivers/staging/zram/zram_sysfs.o
  LD      drivers/staging/zram/zram.o
  CC      drivers/staging/zram/xvmalloc.o
  LD      drivers/staging/zram/built-in.o
  LD      drivers/staging/built-in.o
  CC      drivers/switch/switch_class.o
  CC      drivers/switch/switch_gpio.o
  LD      drivers/switch/built-in.o
  CC      drivers/uio/uio.o
  CC      drivers/uio/uio_pdrv_genirq.o
  LD      drivers/uio/built-in.o
  CC      drivers/usb/core/usb.o
  CC      drivers/usb/core/hub.o
  CC      drivers/usb/core/hcd.o
  CC      drivers/usb/core/urb.o
  CC      drivers/usb/core/message.o
  CC      drivers/usb/core/driver.o
  CC      drivers/usb/core/config.o
  CC      drivers/usb/core/file.o
  CC      drivers/usb/core/buffer.o
  CC      drivers/usb/core/sysfs.o
  CC      drivers/usb/core/endpoint.o
  CC      drivers/usb/core/devio.o
  CC      drivers/usb/core/notify.o
  CC      drivers/usb/core/generic.o
  CC      drivers/usb/core/quirks.o
  CC      drivers/usb/core/devices.o
  LD      drivers/usb/core/usbcore.o
  LD      drivers/usb/core/built-in.o
  LD      drivers/usb/early/built-in.o
  CC      drivers/usb/host/ehci-hcd.o
  LD      drivers/usb/host/built-in.o
  CC      drivers/usb/misc/ehset.o
  LD      drivers/usb/misc/built-in.o
  LD      drivers/usb/storage/built-in.o
  LD      drivers/usb/built-in.o
  CC      drivers/usb/gadget/msm72k_udc.o
  CC      drivers/usb/gadget/android.o
  CC      drivers/usb/gadget/marlin_scsi_ext.o
  LD      drivers/usb/gadget/built-in.o
  CC      drivers/usb/otg/otg.o
  CC      drivers/usb/otg/otg_event.o
  CC      drivers/usb/otg/msm72k_otg.o
  LD      drivers/usb/otg/built-in.o
  CC      drivers/video/fb_notify.o
  CC      drivers/video/fbmem.o
  CC      drivers/video/fbmon.o
  CC      drivers/video/fbcmap.o
  CC      drivers/video/fbsysfs.o
  CC      drivers/video/modedb.o
  CC      drivers/video/fbcvt.o
  LD      drivers/video/fb.o
  CC      drivers/video/backlight/lcd.o
  CC      drivers/video/backlight/backlight.o
  LD      drivers/video/backlight/built-in.o
  CC      drivers/video/console/dummycon.o
  LD      drivers/video/console/built-in.o
  LD      drivers/video/display/built-in.o
  CC      drivers/video/msm/msm_fb.o
  CC      drivers/video/msm/logo.o
  CC      drivers/video/msm/mdp.o
  CC      drivers/video/msm/mdp4_util.o
  CC      drivers/video/msm/mdp_debugfs.o
  CC      drivers/video/msm/mdp4_overlay.o
  CC      drivers/video/msm/mdp4_overlay_lcdc.o
  CC      drivers/video/msm/mdp4_overlay_mddi.o
  CC      drivers/video/msm/mdp4_dtv.o
  CC      drivers/video/msm/mdp4_overlay_dtv.o
  CC      drivers/video/msm/mdp_dma.o
  CC      drivers/video/msm/mdp_dma_s.o
  CC      drivers/video/msm/mdp_vsync.o
  CC      drivers/video/msm/mdp_cursor.o
  CC      drivers/video/msm/mdp_dma_tv.o
  CC      drivers/video/msm/mddi.o
  CC      drivers/video/msm/mddihost.o
  CC      drivers/video/msm/mddihosti.o
  LD      drivers/video/msm/msm_mddi.o
  CC      drivers/video/msm/msm_fb_panel.o
  CC      drivers/video/msm/mddi_novatek_fwvga.o
  CC      drivers/video/msm/mddi_nt_panels/mddi_nt_sharp_ls042t3lx.o
  CC      drivers/video/msm/mddi_nt_panels/mddi_nt_sony_acx427ak.o
  LD      drivers/video/msm/mddi_nt_panels/built-in.o
  CC      drivers/video/msm/vidc/common/init/vidc_init.o
  CC      drivers/video/msm/vidc/common/vcd/vcd_api.o
  CC      drivers/video/msm/vidc/common/vcd/vcd_power_sm.o
  CC      drivers/video/msm/vidc/common/vcd/vcd_client_sm.o
  CC      drivers/video/msm/vidc/common/vcd/vcd_device_sm.o
  CC      drivers/video/msm/vidc/common/vcd/vcd_scheduler.o
  CC      drivers/video/msm/vidc/common/vcd/vcd_sub.o
  CC      drivers/video/msm/vidc/720p/ddl/vcd_ddl_firmware.o
  CC      drivers/video/msm/vidc/720p/ddl/vcd_ddl_metadata.o
  CC      drivers/video/msm/vidc/720p/ddl/vidc.o
  CC      drivers/video/msm/vidc/720p/ddl/vcd_ddl_utils.o
  CC      drivers/video/msm/vidc/720p/ddl/vcd_ddl.o
  CC      drivers/video/msm/vidc/720p/ddl/vcd_ddl_helper.o
  CC      drivers/video/msm/vidc/720p/ddl/vcd_ddl_interrupt_handler.o
  CC      drivers/video/msm/vidc/720p/ddl/vcd_ddl_hal.o
  CC      drivers/video/msm/vidc/720p/ddl/vcd_ddl_properties.o
  CC      drivers/video/msm/vidc/720p/resource_tracker/vcd_res_tracker.o
  CC      drivers/video/msm/vidc/720p/ddl/vcd_ddl_errors.o
  CC      drivers/video/msm/vidc/common/dec/vdec.o
  CC      drivers/video/msm/vidc/common/enc/venc.o
  CC      drivers/video/msm/vidc/common/enc/venc_internal.o
  LD      drivers/video/msm/vidc/vidc.o
  LD      drivers/video/msm/vidc/vidc_vdec.o
  LD      drivers/video/msm/vidc/vidc_venc.o
  LD      drivers/video/msm/vidc/built-in.o
  CC      drivers/video/msm/hdmi_sii9024a.o
  LD      drivers/video/msm/built-in.o
  CC      drivers/video/cfbfillrect.o
  CC      drivers/video/cfbcopyarea.o
  CC      drivers/video/cfbimgblt.o
  CC      drivers/video/output.o
  LD      drivers/video/built-in.o
  LD      drivers/built-in.o
  CC      sound/sound_core.o
  LD      sound/soundcore.o
  LD      sound/arm/built-in.o
  LD      sound/atmel/built-in.o
  CC      sound/core/memalloc.o
  CC      sound/core/pcm.o
  CC      sound/core/pcm_native.o
  CC      sound/core/pcm_lib.o
  CC      sound/core/pcm_timer.o
  CC      sound/core/pcm_misc.o
  CC      sound/core/pcm_memory.o
  CC      sound/core/timer.o
  CC      sound/core/sound.o
  CC      sound/core/init.o
  CC      sound/core/memory.o
  CC      sound/core/info.o
  CC      sound/core/control.o
  CC      sound/core/misc.o
  CC      sound/core/device.o
  CC      sound/core/jack.o
  LD      sound/core/snd.o
  LD      sound/core/snd-timer.o
  LD      sound/core/snd-pcm.o
  LD      sound/core/snd-page-alloc.o
  LD      sound/core/built-in.o
  LD      sound/isa/ad1816a/built-in.o
  LD      sound/isa/ad1848/built-in.o
  LD      sound/isa/cs423x/built-in.o
  LD      sound/isa/es1688/built-in.o
  LD      sound/isa/gus/built-in.o
  LD      sound/isa/msnd/built-in.o
  LD      sound/isa/opti9xx/built-in.o
  LD      sound/isa/sb/built-in.o
  LD      sound/isa/wavefront/built-in.o
  LD      sound/isa/wss/built-in.o
  LD      sound/isa/built-in.o
  LD      sound/mips/built-in.o
  LD      sound/parisc/built-in.o
  LD      sound/pci/ac97/built-in.o
  LD      sound/pci/ali5451/built-in.o
  LD      sound/pci/au88x0/built-in.o
  LD      sound/pci/aw2/built-in.o
  LD      sound/pci/ca0106/built-in.o
  LD      sound/pci/cs46xx/built-in.o
  LD      sound/pci/cs5535audio/built-in.o
  LD      sound/pci/ctxfi/built-in.o
  LD      sound/pci/echoaudio/built-in.o
  LD      sound/pci/emu10k1/built-in.o
  LD      sound/pci/hda/built-in.o
  LD      sound/pci/ice1712/built-in.o
  LD      sound/pci/korg1212/built-in.o
  LD      sound/pci/lx6464es/built-in.o
  LD      sound/pci/mixart/built-in.o
  LD      sound/pci/nm256/built-in.o
  LD      sound/pci/oxygen/built-in.o
  LD      sound/pci/pcxhr/built-in.o
  LD      sound/pci/riptide/built-in.o
  LD      sound/pci/rme9652/built-in.o
  LD      sound/pci/trident/built-in.o
  LD      sound/pci/vx222/built-in.o
  LD      sound/pci/ymfpci/built-in.o
  LD      sound/pci/built-in.o
  LD      sound/pcmcia/pdaudiocf/built-in.o
  LD      sound/pcmcia/vx/built-in.o
  LD      sound/pcmcia/built-in.o
  LD      sound/ppc/built-in.o
  LD      sound/sh/built-in.o
  CC      sound/soc/soc-core.o
  CC      sound/soc/soc-dapm.o
  CC      sound/soc/soc-jack.o
  CC      sound/soc/soc-cache.o
  LD      sound/soc/snd-soc-core.o
  LD      sound/soc/atmel/built-in.o
  LD      sound/soc/au1x/built-in.o
  LD      sound/soc/blackfin/built-in.o
  LD      sound/soc/codecs/built-in.o
  LD      sound/soc/davinci/built-in.o
  LD      sound/soc/fsl/built-in.o
  LD      sound/soc/imx/built-in.o
  CC      sound/soc/msm/mvs-dai.o
  CC      sound/soc/msm/msm-mvs.o
  CC      sound/soc/msm/msm7kv2-dai.o
  CC      sound/soc/msm/msm7x30.o
  CC      sound/soc/msm/msm7kv2-dsp.o
  CC      sound/soc/msm/msm7kv2-pcm.o
  CC      sound/soc/msm/mvs7x30.o
  LD      sound/soc/msm/snd-soc-msm7kv2-dai.o
  LD      sound/soc/msm/snd-soc-msmv2.o
  LD      sound/soc/msm/snd-soc-msm7kv2.o
  LD      sound/soc/msm/snd-soc-msm-mvs-dai.o
  LD      sound/soc/msm/snd-soc-msm-mvs.o
  LD      sound/soc/msm/snd-soc-mvs7x30.o
  LD      sound/soc/msm/built-in.o
  LD      sound/soc/omap/built-in.o
  LD      sound/soc/pxa/built-in.o
  LD      sound/soc/s3c24xx/built-in.o
  LD      sound/soc/s6000/built-in.o
  LD      sound/soc/sh/built-in.o
  LD      sound/soc/txx9/built-in.o
  LD      sound/soc/built-in.o
  LD      sound/sparc/built-in.o
  LD      sound/spi/built-in.o
  LD      sound/synth/built-in.o
  LD      sound/usb/caiaq/built-in.o
  LD      sound/usb/usx2y/built-in.o
  LD      sound/usb/built-in.o
  CC      sound/last.o
  LD      sound/built-in.o
  LD      firmware/built-in.o
  LD      arch/arm/oprofile/built-in.o
  CC [M]  arch/arm/oprofile/../../../drivers/oprofile/oprof.o
  CC [M]  arch/arm/oprofile/../../../drivers/oprofile/cpu_buffer.o
  CC [M]  arch/arm/oprofile/../../../drivers/oprofile/buffer_sync.o
  CC [M]  arch/arm/oprofile/../../../drivers/oprofile/event_buffer.o
  CC [M]  arch/arm/oprofile/../../../drivers/oprofile/oprofile_files.o
  CC [M]  arch/arm/oprofile/../../../drivers/oprofile/oprofilefs.o
  CC [M]  arch/arm/oprofile/../../../drivers/oprofile/oprofile_stats.o
  CC [M]  arch/arm/oprofile/../../../drivers/oprofile/timer_int.o
  CC [M]  arch/arm/oprofile/common.o
  LD [M]  arch/arm/oprofile/oprofile.o
  CC      net/socket.o
  CC      net/802/p8022.o
  CC      net/802/psnap.o
  CC      net/802/stp.o
  LD      net/802/built-in.o
  CC      net/bluetooth/af_bluetooth.o
  CC      net/bluetooth/hci_core.o
  CC      net/bluetooth/hci_conn.o
  CC      net/bluetooth/hci_event.o
  CC      net/bluetooth/hci_sock.o
  CC      net/bluetooth/hci_sysfs.o
  CC      net/bluetooth/lib.o
  LD      net/bluetooth/bluetooth.o
  CC      net/bluetooth/l2cap.o
  CC      net/bluetooth/sco.o
  CC      net/bluetooth/bnep/core.o
  CC      net/bluetooth/bnep/sock.o
  CC      net/bluetooth/bnep/netdev.o
  LD      net/bluetooth/bnep/bnep.o
  LD      net/bluetooth/bnep/built-in.o
  CC      net/bluetooth/hidp/core.o
  CC      net/bluetooth/hidp/sock.o
  LD      net/bluetooth/hidp/hidp.o
  LD      net/bluetooth/hidp/built-in.o
  CC      net/bluetooth/rfcomm/core.o
  CC      net/bluetooth/rfcomm/sock.o
  CC      net/bluetooth/rfcomm/tty.o
  LD      net/bluetooth/rfcomm/rfcomm.o
  LD      net/bluetooth/rfcomm/built-in.o
  LD      net/bluetooth/built-in.o
  CC      net/bridge/br.o
  CC      net/bridge/br_device.o
  CC      net/bridge/br_fdb.o
  CC      net/bridge/br_forward.o
  CC      net/bridge/br_if.o
  CC      net/bridge/br_input.o
  CC      net/bridge/br_ioctl.o
  CC      net/bridge/br_notify.o
  CC      net/bridge/br_stp.o
  CC      net/bridge/br_stp_bpdu.o
  CC      net/bridge/br_stp_if.o
  CC      net/bridge/br_stp_timer.o
  CC      net/bridge/br_netlink.o
  CC      net/bridge/br_sysfs_if.o
  CC      net/bridge/br_sysfs_br.o
  CC      net/bridge/br_netfilter.o
  LD      net/bridge/bridge.o
  LD      net/bridge/built-in.o
  CC      net/core/sock.o
  CC      net/core/request_sock.o
  CC      net/core/skbuff.o
  CC      net/core/iovec.o
  CC      net/core/datagram.o
  CC      net/core/stream.o
  CC      net/core/scm.o
  CC      net/core/gen_stats.o
  CC      net/core/gen_estimator.o
  CC      net/core/net_namespace.o
  CC      net/core/secure_seq.o
  CC      net/core/sysctl_net_core.o
  CC      net/core/skb_dma_map.o
  CC      net/core/dev.o
  CC      net/core/ethtool.o
  CC      net/core/dev_mcast.o
  CC      net/core/dst.o
  CC      net/core/netevent.o
  CC      net/core/neighbour.o
  CC      net/core/rtnetlink.o
  CC      net/core/utils.o
  CC      net/core/link_watch.o
  CC      net/core/filter.o
  CC      net/core/flow.o
  CC      net/core/net-sysfs.o
  CC      net/core/fib_rules.o
  LD      net/core/built-in.o
  CC      net/ethernet/eth.o
  LD      net/ethernet/built-in.o
  LD      net/ieee802154/built-in.o
  CC      net/ipv4/route.o
  CC      net/ipv4/inetpeer.o
  CC      net/ipv4/protocol.o
  CC      net/ipv4/ip_input.o
  CC      net/ipv4/ip_fragment.o
  CC      net/ipv4/ip_forward.o
  CC      net/ipv4/ip_options.o
  CC      net/ipv4/ip_output.o
  CC      net/ipv4/ip_sockglue.o
  CC      net/ipv4/inet_hashtables.o
  CC      net/ipv4/inet_timewait_sock.o
  CC      net/ipv4/inet_connection_sock.o
  CC      net/ipv4/tcp.o
  CC      net/ipv4/tcp_input.o
  CC      net/ipv4/tcp_output.o
  CC      net/ipv4/tcp_timer.o
  CC      net/ipv4/tcp_ipv4.o
  CC      net/ipv4/tcp_minisocks.o
  CC      net/ipv4/tcp_cong.o
  CC      net/ipv4/datagram.o
  CC      net/ipv4/raw.o
  CC      net/ipv4/udp.o
  CC      net/ipv4/udplite.o
  CC      net/ipv4/arp.o
  CC      net/ipv4/icmp.o
  CC      net/ipv4/devinet.o
  CC      net/ipv4/af_inet.o
  CC      net/ipv4/igmp.o
  CC      net/ipv4/fib_frontend.o
  CC      net/ipv4/fib_semantics.o
  CC      net/ipv4/inet_fragment.o
  CC      net/ipv4/sysctl_net_ipv4.o
  CC      net/ipv4/sysfs_net_ipv4.o
  CC      net/ipv4/fib_hash.o
  CC      net/ipv4/proc.o
  CC      net/ipv4/fib_rules.o
  CC      net/ipv4/esp4.o
  CC      net/ipv4/tunnel4.o
  CC      net/ipv4/xfrm4_mode_transport.o
  CC      net/ipv4/ipconfig.o
  CC      net/ipv4/netfilter.o
  CC      net/ipv4/netfilter/nf_nat_rule.o
  CC      net/ipv4/netfilter/nf_nat_standalone.o
  CC      net/ipv4/netfilter/nf_conntrack_l3proto_ipv4.o
  CC      net/ipv4/netfilter/nf_conntrack_proto_icmp.o
  CC      net/ipv4/netfilter/nf_conntrack_l3proto_ipv4_compat.o
  CC      net/ipv4/netfilter/nf_nat_core.o
  CC      net/ipv4/netfilter/nf_nat_helper.o
  CC      net/ipv4/netfilter/nf_nat_proto_unknown.o
  CC      net/ipv4/netfilter/nf_nat_proto_common.o
  CC      net/ipv4/netfilter/nf_nat_proto_tcp.o
  CC      net/ipv4/netfilter/nf_nat_proto_udp.o
  CC      net/ipv4/netfilter/nf_nat_proto_icmp.o
  LD      net/ipv4/netfilter/nf_conntrack_ipv4.o
  LD      net/ipv4/netfilter/nf_nat.o
  CC      net/ipv4/netfilter/nf_defrag_ipv4.o
  CC      net/ipv4/netfilter/nf_nat_amanda.o
  CC      net/ipv4/netfilter/nf_nat_ftp.o
  CC      net/ipv4/netfilter/nf_nat_h323.o
  CC      net/ipv4/netfilter/nf_nat_irc.o
  CC      net/ipv4/netfilter/nf_nat_pptp.o
  CC      net/ipv4/netfilter/nf_nat_sip.o
  CC      net/ipv4/netfilter/nf_nat_snmp_basic.o
  CC      net/ipv4/netfilter/nf_nat_tftp.o
  CC      net/ipv4/netfilter/nf_nat_proto_dccp.o
  CC      net/ipv4/netfilter/nf_nat_proto_gre.o
  CC      net/ipv4/netfilter/nf_nat_proto_udplite.o
  CC      net/ipv4/netfilter/nf_nat_proto_sctp.o
  CC      net/ipv4/netfilter/ip_tables.o
  CC      net/ipv4/netfilter/iptable_filter.o
  CC      net/ipv4/netfilter/iptable_mangle.o
  LD      net/ipv4/netfilter/iptable_nat.o
  CC      net/ipv4/netfilter/iptable_raw.o
  CC      net/ipv4/netfilter/ipt_addrtype.o
  CC      net/ipv4/netfilter/ipt_ah.o
  CC      net/ipv4/netfilter/ipt_ecn.o
  CC      net/ipv4/netfilter/ipt_LOG.o
  CC      net/ipv4/netfilter/ipt_MASQUERADE.o
  CC      net/ipv4/netfilter/ipt_NETMAP.o
  CC      net/ipv4/netfilter/ipt_REDIRECT.o
  CC      net/ipv4/netfilter/ipt_REJECT.o
  CC      net/ipv4/netfilter/arp_tables.o
  CC      net/ipv4/netfilter/arpt_mangle.o
  CC      net/ipv4/netfilter/arptable_filter.o
  LD      net/ipv4/netfilter/built-in.o
  CC      net/ipv4/tcp_cubic.o
  CC      net/ipv4/xfrm4_policy.o
  CC      net/ipv4/xfrm4_state.o
  CC      net/ipv4/xfrm4_input.o
  CC      net/ipv4/xfrm4_output.o
  LD      net/ipv4/built-in.o
  CC      net/ipv6/af_inet6.o
  CC      net/ipv6/anycast.o
  CC      net/ipv6/ip6_output.o
  CC      net/ipv6/ip6_input.o
  CC      net/ipv6/addrconf.o
  CC      net/ipv6/addrlabel.o
  CC      net/ipv6/route.o
  CC      net/ipv6/ip6_fib.o
  CC      net/ipv6/ipv6_sockglue.o
  CC      net/ipv6/ndisc.o
  CC      net/ipv6/udp.o
  CC      net/ipv6/udplite.o
  CC      net/ipv6/raw.o
  CC      net/ipv6/protocol.o
  CC      net/ipv6/icmp.o
  CC      net/ipv6/mcast.o
  CC      net/ipv6/reassembly.o
  CC      net/ipv6/tcp_ipv6.o
  CC      net/ipv6/exthdrs.o
  CC      net/ipv6/datagram.o
  CC      net/ipv6/ip6_flowlabel.o
  CC      net/ipv6/inet6_connection_sock.o
  CC      net/ipv6/sysctl_net_ipv6.o
  CC      net/ipv6/xfrm6_policy.o
  CC      net/ipv6/xfrm6_state.o
  CC      net/ipv6/xfrm6_input.o
  CC      net/ipv6/xfrm6_output.o
  CC      net/ipv6/netfilter.o
  CC      net/ipv6/proc.o
  LD      net/ipv6/ipv6.o
  CC      net/ipv6/ah6.o
  CC      net/ipv6/esp6.o
  CC      net/ipv6/ipcomp6.o
  CC      net/ipv6/xfrm6_tunnel.o
  CC      net/ipv6/tunnel6.o
  CC      net/ipv6/xfrm6_mode_transport.o
  CC      net/ipv6/xfrm6_mode_tunnel.o
  CC      net/ipv6/xfrm6_mode_beet.o
  CC      net/ipv6/mip6.o
  CC      net/ipv6/netfilter/ip6_tables.o
  CC      net/ipv6/netfilter/ip6table_filter.o
  CC      net/ipv6/netfilter/ip6table_mangle.o
  CC      net/ipv6/netfilter/ip6table_raw.o
  CC      net/ipv6/netfilter/nf_conntrack_l3proto_ipv6.o
  CC      net/ipv6/netfilter/nf_conntrack_proto_icmpv6.o
  CC      net/ipv6/netfilter/nf_conntrack_reasm.o
  LD      net/ipv6/netfilter/nf_conntrack_ipv6.o
  CC      net/ipv6/netfilter/ip6t_LOG.o
  CC      net/ipv6/netfilter/ip6t_REJECT.o
  LD      net/ipv6/netfilter/built-in.o
  CC      net/ipv6/sit.o
  CC      net/ipv6/ip6_tunnel.o
  CC      net/ipv6/addrconf_core.o
  CC      net/ipv6/exthdrs_core.o
  CC      net/ipv6/inet6_hashtables.o
  LD      net/ipv6/built-in.o
  CC      net/key/af_key.o
  LD      net/key/built-in.o
  CC      net/llc/llc_core.o
  CC      net/llc/llc_input.o
  CC      net/llc/llc_output.o
  LD      net/llc/llc.o
  LD      net/llc/built-in.o
  CC      net/netfilter/core.o
  CC      net/netfilter/nf_log.o
  CC      net/netfilter/nf_queue.o
  CC      net/netfilter/nf_sockopt.o
  CC      net/netfilter/nf_conntrack_core.o
  CC      net/netfilter/nf_conntrack_standalone.o
  CC      net/netfilter/nf_conntrack_expect.o
  CC      net/netfilter/nf_conntrack_helper.o
  CC      net/netfilter/nf_conntrack_proto.o
  CC      net/netfilter/nf_conntrack_l3proto_generic.o
  CC      net/netfilter/nf_conntrack_proto_generic.o
  CC      net/netfilter/nf_conntrack_proto_tcp.o
  CC      net/netfilter/nf_conntrack_proto_udp.o
  CC      net/netfilter/nf_conntrack_extend.o
  CC      net/netfilter/nf_conntrack_acct.o
  CC      net/netfilter/nf_conntrack_ecache.o
  CC      net/netfilter/nf_conntrack_h323_main.o
  CC      net/netfilter/nf_conntrack_h323_asn1.o
  LD      net/netfilter/netfilter.o
  CC      net/netfilter/nfnetlink.o
  CC      net/netfilter/nfnetlink_queue.o
  CC      net/netfilter/nfnetlink_log.o
  LD      net/netfilter/nf_conntrack.o
  CC      net/netfilter/nf_conntrack_proto_dccp.o
  CC      net/netfilter/nf_conntrack_proto_gre.o
  CC      net/netfilter/nf_conntrack_proto_sctp.o
  CC      net/netfilter/nf_conntrack_proto_udplite.o
  CC      net/netfilter/nf_conntrack_netlink.o
  CC      net/netfilter/nf_conntrack_amanda.o
  CC      net/netfilter/nf_conntrack_ftp.o
  LD      net/netfilter/nf_conntrack_h323.o
  CC      net/netfilter/nf_conntrack_irc.o
  CC      net/netfilter/nf_conntrack_netbios_ns.o
  CC      net/netfilter/nf_conntrack_pptp.o
  CC      net/netfilter/nf_conntrack_sane.o
  CC      net/netfilter/nf_conntrack_sip.o
  CC      net/netfilter/nf_conntrack_tftp.o
  CC      net/netfilter/nf_tproxy_core.o
  CC      net/netfilter/x_tables.o
  CC      net/netfilter/xt_tcpudp.o
  CC      net/netfilter/xt_CLASSIFY.o
  CC      net/netfilter/xt_CONNMARK.o
  CC      net/netfilter/xt_MARK.o
  CC      net/netfilter/xt_NFLOG.o
  CC      net/netfilter/xt_NFQUEUE.o
  CC      net/netfilter/xt_TPROXY.o
  CC      net/netfilter/xt_TRACE.o
  CC      net/netfilter/xt_comment.o
  CC      net/netfilter/xt_connbytes.o
  CC      net/netfilter/xt_connlimit.o
  CC      net/netfilter/xt_connmark.o
  CC      net/netfilter/xt_conntrack.o
  CC      net/netfilter/xt_hashlimit.o
  CC      net/netfilter/xt_helper.o
  CC      net/netfilter/xt_hl.o
  CC      net/netfilter/xt_iprange.o
  CC      net/netfilter/xt_length.o
  CC      net/netfilter/xt_limit.o
  CC      net/netfilter/xt_mac.o
  CC      net/netfilter/xt_mark.o
  CC      net/netfilter/xt_pkttype.o
  CC      net/netfilter/xt_policy.o
  CC      net/netfilter/xt_qtaguid_print.o
  CC      net/netfilter/xt_qtaguid.o
  CC      net/netfilter/xt_quota.o
  CC      net/netfilter/xt_quota2.o
  CC      net/netfilter/xt_socket.o
  CC      net/netfilter/xt_state.o
  CC      net/netfilter/xt_statistic.o
  CC      net/netfilter/xt_string.o
  CC      net/netfilter/xt_time.o
  CC      net/netfilter/xt_u32.o
  LD      net/netfilter/built-in.o
  CC      net/netlink/af_netlink.o
  CC      net/netlink/genetlink.o
  LD      net/netlink/built-in.o
  CC      net/packet/af_packet.o
  LD      net/packet/built-in.o
  CC      net/rfkill/core.o
  LD      net/rfkill/rfkill.o
  LD      net/rfkill/built-in.o
  CC      net/sched/sch_generic.o
  CC      net/sched/sch_mq.o
  CC      net/sched/sch_api.o
  CC      net/sched/sch_blackhole.o
  CC      net/sched/cls_api.o
  CC      net/sched/act_api.o
  CC      net/sched/act_police.o
  CC      net/sched/act_gact.o
  CC      net/sched/act_mirred.o
  CC      net/sched/sch_fifo.o
  CC      net/sched/sch_htb.o
  CC      net/sched/sch_ingress.o
  CC      net/sched/sch_sfq.o
  CC      net/sched/sch_tbf.o
  CC      net/sched/sch_prio.o
  CC      net/sched/cls_u32.o
  CC      net/sched/cls_fw.o
  CC      net/sched/cls_tcindex.o
  CC      net/sched/cls_basic.o
  CC      net/sched/ematch.o
  CC      net/sched/em_u32.o
  LD      net/sched/built-in.o
  CC [M]  net/sched/sch_dsmark.o
  CC [M]  net/sched/cls_flow.o
  CC      net/sunrpc/clnt.o
  CC      net/sunrpc/xprt.o
  CC      net/sunrpc/socklib.o
  CC      net/sunrpc/xprtsock.o
  CC      net/sunrpc/sched.o
  CC      net/sunrpc/auth.o
  CC      net/sunrpc/auth_null.o
  CC      net/sunrpc/auth_unix.o
  CC      net/sunrpc/auth_generic.o
  CC      net/sunrpc/svc.o
  CC      net/sunrpc/svcsock.o
  CC      net/sunrpc/svcauth.o
  CC      net/sunrpc/svcauth_unix.o
  CC      net/sunrpc/addr.o
  CC      net/sunrpc/rpcb_clnt.o
  CC      net/sunrpc/timer.o
  CC      net/sunrpc/xdr.o
  CC      net/sunrpc/sunrpc_syms.o
  CC      net/sunrpc/cache.o
  CC      net/sunrpc/rpc_pipe.o
  CC      net/sunrpc/svc_xprt.o
  CC      net/sunrpc/stats.o
  CC      net/sunrpc/sysctl.o
  LD      net/sunrpc/sunrpc.o
  LD      net/sunrpc/built-in.o
  CC      net/unix/af_unix.o
  CC      net/unix/garbage.o
  CC      net/unix/sysctl_net_unix.o
  LD      net/unix/unix.o
  LD      net/unix/built-in.o
  CC      net/wireless/wext.o
  LD      net/wireless/built-in.o
  CC      net/xfrm/xfrm_policy.o
  CC      net/xfrm/xfrm_state.o
  CC      net/xfrm/xfrm_hash.o
  CC      net/xfrm/xfrm_input.o
  CC      net/xfrm/xfrm_output.o
  CC      net/xfrm/xfrm_algo.o
  CC      net/xfrm/xfrm_sysctl.o
  CC      net/xfrm/xfrm_ipcomp.o
  LD      net/xfrm/built-in.o
  CC      net/sysctl_net.o
  LD      net/built-in.o
  LD      arch/arm/lib/built-in.o
  AS      arch/arm/lib/ashldi3.o
  AS      arch/arm/lib/ashrdi3.o
  AS      arch/arm/lib/backtrace.o
  AS      arch/arm/lib/changebit.o
  AS      arch/arm/lib/clear_user.o
  AS      arch/arm/lib/clearbit.o
  AS      arch/arm/lib/copy_from_user.o
  AS      arch/arm/lib/copy_page.o
  AS      arch/arm/lib/copy_to_user.o
  AS      arch/arm/lib/csumipv6.o
  AS      arch/arm/lib/csumpartial.o
  AS      arch/arm/lib/csumpartialcopy.o
  AS      arch/arm/lib/csumpartialcopyuser.o
  AS      arch/arm/lib/delay.o
  AS      arch/arm/lib/div64.o
  AS      arch/arm/lib/findbit.o
  AS      arch/arm/lib/getuser.o
  AS      arch/arm/lib/io-readsb.o
  AS      arch/arm/lib/io-readsl.o
  AS      arch/arm/lib/io-readsw-armv4.o
  AS      arch/arm/lib/io-writesb.o
  AS      arch/arm/lib/io-writesl.o
  AS      arch/arm/lib/io-writesw-armv4.o
  AS      arch/arm/lib/lib1funcs.o
  AS      arch/arm/lib/lshrdi3.o
  AS      arch/arm/lib/memchr.o
  AS      arch/arm/lib/memcpy.o
  AS      arch/arm/lib/memmove.o
  AS      arch/arm/lib/memset.o
  AS      arch/arm/lib/memzero.o
  AS      arch/arm/lib/muldi3.o
  AS      arch/arm/lib/putuser.o
  AS      arch/arm/lib/setbit.o
  AS      arch/arm/lib/sha1.o
  AS      arch/arm/lib/strchr.o
  AS      arch/arm/lib/strncpy_from_user.o
  AS      arch/arm/lib/strnlen_user.o
  AS      arch/arm/lib/strrchr.o
  AS      arch/arm/lib/testchangebit.o
  AS      arch/arm/lib/testclearbit.o
  AS      arch/arm/lib/testsetbit.o
  AS      arch/arm/lib/ucmpdi2.o
  AR      arch/arm/lib/lib.a
  CC      lib/hexdump.o
  CC      lib/bitmap.o
  CC      lib/lcm.o
  CC      lib/kernel_lock.o
  CC      lib/genalloc.o
  CC      lib/dynamic_debug.o
  CC      lib/idr.o
  CC      lib/kobject.o
  CC      lib/kobject_uevent.o
  CC      lib/md5.o
  CC      lib/memory_alloc.o
  CC      lib/plist.o
  CC      lib/radix-tree.o
  CC      lib/ratelimit.o
  CC      lib/vsprintf.o
  AR      lib/lib.a
  LD      vmlinux.o
  MODPOST vmlinux.o
  GEN     .version
  CHK     include/generated/compile.h
  UPD     include/generated/compile.h
  CC      init/version.o
  LD      init/built-in.o
  LD      .tmp_vmlinux1
  KSYM    .tmp_kallsyms1.S
  AS      .tmp_kallsyms1.o
  LD      .tmp_vmlinux2
  KSYM    .tmp_kallsyms2.S
  AS      .tmp_kallsyms2.o
  LD      vmlinux
  SYSMAP  System.map
  SYSMAP  .tmp_System.map
  OBJCOPY arch/arm/boot/Image
  Kernel: arch/arm/boot/Image is ready
  AS      arch/arm/boot/compressed/head.o
  GZIP    arch/arm/boot/compressed/piggy.gzip
  AS      arch/arm/boot/compressed/piggy.gzip.o
  CC      arch/arm/boot/compressed/misc.o
  CC      arch/arm/boot/compressed/decompress.o
  SHIPPED arch/arm/boot/compressed/lib1funcs.S
  AS      arch/arm/boot/compressed/lib1funcs.o
  LD      arch/arm/boot/compressed/vmlinux
  OBJCOPY arch/arm/boot/zImage
  Kernel: arch/arm/boot/zImage is ready
  Building modules, stage 2.
  MODPOST 21 modules
  CC      arch/arm/common/cpaccess.mod.o
  LD [M]  arch/arm/common/cpaccess.ko
  CC      arch/arm/mach-msm/dal_remotetest.mod.o
  LD [M]  arch/arm/mach-msm/dal_remotetest.ko
  CC      arch/arm/mach-msm/dma_test.mod.o
  LD [M]  arch/arm/mach-msm/dma_test.ko
  CC      arch/arm/mach-msm/reset_modem.mod.o
  LD [M]  arch/arm/mach-msm/reset_modem.ko
  CC      arch/arm/oprofile/oprofile.mod.o
  LD [M]  arch/arm/oprofile/oprofile.ko
  CC      crypto/ansi_cprng.mod.o
  LD [M]  crypto/ansi_cprng.ko
  CC      drivers/input/evbug.mod.o
  LD [M]  drivers/input/evbug.ko
  CC      drivers/misc/pmem_kernel_test.mod.o
  LD [M]  drivers/misc/pmem_kernel_test.ko
  CC      drivers/mmc/card/mmc_test.mod.o
  LD [M]  drivers/mmc/card/mmc_test.ko
  CC      drivers/mtd/tests/mtd_erasepart.mod.o
  LD [M]  drivers/mtd/tests/mtd_erasepart.ko
  CC      drivers/mtd/tests/mtd_oobtest.mod.o
  LD [M]  drivers/mtd/tests/mtd_oobtest.ko
  CC      drivers/mtd/tests/mtd_pagetest.mod.o
  LD [M]  drivers/mtd/tests/mtd_pagetest.ko
  CC      drivers/mtd/tests/mtd_readtest.mod.o
  LD [M]  drivers/mtd/tests/mtd_readtest.ko
  CC      drivers/mtd/tests/mtd_speedtest.mod.o
  LD [M]  drivers/mtd/tests/mtd_speedtest.ko
  CC      drivers/mtd/tests/mtd_stresstest.mod.o
  LD [M]  drivers/mtd/tests/mtd_stresstest.ko
  CC      drivers/mtd/tests/mtd_subpagetest.mod.o
  LD [M]  drivers/mtd/tests/mtd_subpagetest.ko
  CC      drivers/mtd/tests/mtd_torturetest.mod.o
  LD [M]  drivers/mtd/tests/mtd_torturetest.ko
  CC      drivers/net/wireless/libra/librasdioif.mod.o
  LD [M]  drivers/net/wireless/libra/librasdioif.ko
  CC      drivers/scsi/scsi_wait_scan.mod.o
  LD [M]  drivers/scsi/scsi_wait_scan.ko
  CC      net/sched/cls_flow.mod.o
  LD [M]  net/sched/cls_flow.ko
  CC      net/sched/sch_dsmark.mod.o
  LD [M]  net/sched/sch_dsmark.ko
